<?xml version="1.0" encoding="UTF-8"?>
<!-- Generated by org.testng.reporters.JUnitReportReporter -->
<testsuite hostname="LAPTOP-EOLDV6RL" failures="0" tests="1" name="rahulshettyacademy.Tests.StandAloneDemoTest" time="21.963" errors="0" timestamp="2024-03-23T13:11:13 IST" skipped="0">
  <testcase classname="rahulshettyacademy.Tests.StandAloneDemoTest" name="submitOrder" time="21.963"/>
</testsuite> <!-- rahulshettyacademy.Tests.StandAloneDemoTest -->
