<?xml version="1.0" encoding="UTF-8"?>
<!-- Generated by org.testng.reporters.JUnitReportReporter -->
<testsuite hostname="LAPTOP-EOLDV6RL" failures="0" tests="1" name="cucumber.TestNGRunner" time="13.847" errors="0" timestamp="2024-04-11T13:37:47 IST" skipped="0">
  <testcase classname="cucumber.TestNGRunner" name="runScenario" time="13.847"/>
</testsuite> <!-- cucumber.TestNGRunner -->
