<?xml version="1.0" encoding="UTF-8"?>
<!-- Generated by org.testng.reporters.JUnitReportReporter -->
<testsuite hostname="LAPTOP-EOLDV6RL" failures="0" tests="2" name="rahulshettyacademy.Tests.ErrorValidation" time="45.333" errors="0" timestamp="2024-04-06T12:25:14 IST" skipped="0">
  <testcase classname="rahulshettyacademy.Tests.ErrorValidation" name="loginErrorValidation" time="8.392"/>
  <testcase classname="rahulshettyacademy.Tests.ErrorValidation" name="productErrorValidation" time="36.941"/>
</testsuite> <!-- rahulshettyacademy.Tests.ErrorValidation -->
