<?xml version="1.0" encoding="UTF-8"?>
<!-- Generated by org.testng.reporters.JUnitReportReporter -->
<testsuite hostname="LAPTOP-EOLDV6RL" failures="0" tests="4" name="rahulshettyacademy.Tests.SubmitOrder" time="62.300" errors="0" timestamp="2024-04-06T12:25:14 IST" skipped="0">
  <testcase classname="rahulshettyacademy.Tests.SubmitOrder" name="orderHistoryTest" time="7.315"/>
  <testcase classname="rahulshettyacademy.Tests.SubmitOrder" name="submitOrder" time="20.784"/>
  <testcase classname="rahulshettyacademy.Tests.SubmitOrder" name="orderHistoryTest" time="13.186"/>
  <testcase classname="rahulshettyacademy.Tests.SubmitOrder" name="submitOrder" time="21.015"/>
</testsuite> <!-- rahulshettyacademy.Tests.SubmitOrder -->
